  Reading Qt configuration (G:/Qt/5.15.2/msvc2019_64/bin/qmake)
  moc ..\src\CamWindowManager.h
  moc ..\src\GuiManager.h
  moc ..\src\occView.h
  moc ..\src\PartSolution.h
  CamWindowManager.cpp
  DisplayCore.cpp
  GuiManager.cpp
  InteractiveModule.cpp
  main.cpp
  occView.cpp
  PartSolution.cpp
  moc_CamWindowManager.cpp
  moc_GuiManager.cpp
  moc_occView.cpp
  moc_PartSolution.cpp
    正在创建库 F:\宁波莱布尼茨项目\2024\007\开发文件\CAM\x64\Release\CAM.lib 和对象 F:\宁波莱布尼茨项目\2024\007\开发文件\CAM\x64\Release\CAM.exp
  正在生成代码
  Previous IPDB not found, fall back to full compilation.
  All 619 functions were compiled because no usable IPDB/IOBJ from previous compilation was found.
  已完成代码的生成
  CAM.vcxproj -> F:\宁波莱布尼茨项目\2024\007\开发文件\CAM\x64\Release\CAM.exe
  'pwsh.exe' 不是内部或外部命令，也不是可运行的程序
  或批处理文件。
