
F:\宁波莱布尼茨项目\2024\007\开发文件\CAM\x64\Release\TKernel.dll
F:\宁波莱布尼茨项目\2024\007\开发文件\CAM\x64\Release\TKG3d.dll
F:\宁波莱布尼茨项目\2024\007\开发文件\CAM\x64\Release\TKG2d.dll
F:\宁波莱布尼茨项目\2024\007\开发文件\CAM\x64\Release\TKMath.dll
F:\宁波莱布尼茨项目\2024\007\开发文件\CAM\x64\Release\TKOpenGl.dll
F:\宁波莱布尼茨项目\2024\007\开发文件\CAM\x64\Release\TKService.dll
F:\宁波莱布尼茨项目\2024\007\开发文件\CAM\x64\Release\freetype.dll
F:\宁波莱布尼茨项目\2024\007\开发文件\CAM\x64\Release\zlib1.dll
F:\宁波莱布尼茨项目\2024\007\开发文件\CAM\x64\Release\bz2.dll
F:\宁波莱布尼茨项目\2024\007\开发文件\CAM\x64\Release\libpng16.dll
F:\宁波莱布尼茨项目\2024\007\开发文件\CAM\x64\Release\brotlidec.dll
F:\宁波莱布尼茨项目\2024\007\开发文件\CAM\x64\Release\brotlicommon.dll
F:\宁波莱布尼茨项目\2024\007\开发文件\CAM\x64\Release\TKPrim.dll
F:\宁波莱布尼茨项目\2024\007\开发文件\CAM\x64\Release\TKTopAlgo.dll
F:\宁波莱布尼茨项目\2024\007\开发文件\CAM\x64\Release\TKGeomAlgo.dll
F:\宁波莱布尼茨项目\2024\007\开发文件\CAM\x64\Release\TKBRep.dll
F:\宁波莱布尼茨项目\2024\007\开发文件\CAM\x64\Release\TKGeomBase.dll
F:\宁波莱布尼茨项目\2024\007\开发文件\CAM\x64\Release\TKV3d.dll
F:\宁波莱布尼茨项目\2024\007\开发文件\CAM\x64\Release\TKMesh.dll
F:\宁波莱布尼茨项目\2024\007\开发文件\CAM\x64\Release\TKShHealing.dll
F:\宁波莱布尼茨项目\2024\007\开发文件\CAM\x64\Release\TKHLR.dll
