d:\project\cam\cam\cam\x64\release\moc\moc_camwindowmanager.cpp
d:\project\cam\cam\cam\x64\release\moc\moc_guimanager.cpp
d:\project\cam\cam\cam\x64\release\moc\moc_occview.cpp
d:\project\cam\cam\cam\x64\release\moc\moc_partsolution.cpp
d:\project\cam\cam\x64\release\tkernel.dll
d:\project\cam\cam\x64\release\tkg3d.dll
d:\project\cam\cam\x64\release\tkg2d.dll
d:\project\cam\cam\x64\release\tkmath.dll
d:\project\cam\cam\x64\release\tkopengl.dll
d:\project\cam\cam\x64\release\tkservice.dll
d:\project\cam\cam\x64\release\freetype.dll
d:\project\cam\cam\x64\release\zlib1.dll
d:\project\cam\cam\x64\release\bz2.dll
d:\project\cam\cam\x64\release\libpng16.dll
d:\project\cam\cam\x64\release\brotlidec.dll
d:\project\cam\cam\x64\release\brotlicommon.dll
d:\project\cam\cam\x64\release\tkprim.dll
d:\project\cam\cam\x64\release\tktopalgo.dll
d:\project\cam\cam\x64\release\tkgeomalgo.dll
d:\project\cam\cam\x64\release\tkbrep.dll
d:\project\cam\cam\x64\release\tkgeombase.dll
d:\project\cam\cam\x64\release\tkv3d.dll
d:\project\cam\cam\x64\release\tkmesh.dll
d:\project\cam\cam\x64\release\tkshhealing.dll
d:\project\cam\cam\x64\release\tkhlr.dll
d:\project\cam\cam\cam\x64\release\moc_guimanager.obj
d:\project\cam\cam\cam\x64\release\guimanager.obj
d:\project\cam\cam\cam\x64\release\main.obj
d:\project\cam\cam\cam\x64\release\moc_camwindowmanager.obj
d:\project\cam\cam\cam\x64\release\moc_partsolution.obj
d:\project\cam\cam\cam\x64\release\moc_occview.obj
d:\project\cam\cam\cam\x64\release\displaycore.obj
d:\project\cam\cam\cam\x64\release\millplanar.obj
d:\project\cam\cam\cam\x64\release\occview.obj
d:\project\cam\cam\cam\x64\release\camwindowmanager.obj
d:\project\cam\cam\cam\x64\release\partsolution.obj
d:\project\cam\cam\cam\x64\release\camguimanager.obj
d:\project\cam\cam\cam\x64\release\interactivemodule.obj
d:\project\cam\cam\x64\release\cam.exe
d:\project\cam\cam\x64\release\cam.lib
d:\project\cam\cam\x64\release\cam.exp
d:\project\cam\cam\cam\x64\release\cam.ipdb
d:\project\cam\cam\cam\x64\release\cam.iobj
d:\project\cam\cam\cam\x64\release\cam.tlog\cam.write.1u.tlog
d:\project\cam\cam\cam\x64\release\cam.tlog\cl.command.1.tlog
d:\project\cam\cam\cam\x64\release\cam.tlog\cl.items.tlog
d:\project\cam\cam\cam\x64\release\cam.tlog\cl.read.1.tlog
d:\project\cam\cam\cam\x64\release\cam.tlog\cl.write.1.tlog
d:\project\cam\cam\cam\x64\release\cam.tlog\link.command.1.tlog
d:\project\cam\cam\cam\x64\release\cam.tlog\link.read.1.tlog
d:\project\cam\cam\cam\x64\release\cam.tlog\link.secondary.1.tlog
d:\project\cam\cam\cam\x64\release\cam.tlog\link.write.1.tlog
d:\project\cam\cam\cam\x64\release\cam.tlog\moc.read.1u.tlog
d:\project\cam\cam\cam\x64\release\cam.tlog\moc.write.1u.tlog
