  Reading Qt configuration (D:/Qt/5.15.2/msvc2019_64/bin/qmake)
  moc ..\src\CamWindowManager.h
  moc ..\src\GuiManager.h
  moc ..\src\occView.h
  moc ..\src\PartSolution.h
  CamGuiManager.cpp
  CamWindowManager.cpp
  DisplayCore.cpp
  GuiManager.cpp
  InteractiveModule.cpp
  main.cpp
  MillPlanar.cpp
  occView.cpp
  PartSolution.cpp
  moc_CamWindowManager.cpp
  moc_GuiManager.cpp
  moc_occView.cpp
  moc_PartSolution.cpp
    正在创建库 D:\Project\CAM\CAM\x64\Release\CAM.lib 和对象 D:\Project\CAM\CAM\x64\Release\CAM.exp
  正在生成代码
  Previous IPDB not found, fall back to full compilation.
  All 653 functions were compiled because no usable IPDB/IOBJ from previous compilation was found.
  已完成代码的生成
  CAM.vcxproj -> D:\Project\CAM\CAM\x64\Release\CAM.exe
  'pwsh.exe' 不是内部或外部命令，也不是可运行的程序
  或批处理文件。
