
D:\Project\CAM\CAM\x64\Release\TKernel.dll
D:\Project\CAM\CAM\x64\Release\TKG3d.dll
D:\Project\CAM\CAM\x64\Release\TKG2d.dll
D:\Project\CAM\CAM\x64\Release\TKMath.dll
D:\Project\CAM\CAM\x64\Release\TKOpenGl.dll
D:\Project\CAM\CAM\x64\Release\TKService.dll
D:\Project\CAM\CAM\x64\Release\freetype.dll
D:\Project\CAM\CAM\x64\Release\zlib1.dll
D:\Project\CAM\CAM\x64\Release\bz2.dll
D:\Project\CAM\CAM\x64\Release\libpng16.dll
D:\Project\CAM\CAM\x64\Release\brotlidec.dll
D:\Project\CAM\CAM\x64\Release\brotlicommon.dll
D:\Project\CAM\CAM\x64\Release\TKPrim.dll
D:\Project\CAM\CAM\x64\Release\TKTopAlgo.dll
D:\Project\CAM\CAM\x64\Release\TKGeomAlgo.dll
D:\Project\CAM\CAM\x64\Release\TKBRep.dll
D:\Project\CAM\CAM\x64\Release\TKGeomBase.dll
D:\Project\CAM\CAM\x64\Release\TKV3d.dll
D:\Project\CAM\CAM\x64\Release\TKMesh.dll
D:\Project\CAM\CAM\x64\Release\TKShHealing.dll
D:\Project\CAM\CAM\x64\Release\TKHLR.dll
