f:\宁波莱布尼茨项目\2024\007\开发文件\cam\x64\debug\moc\moc_camwindowmanager.cpp
f:\宁波莱布尼茨项目\2024\007\开发文件\cam\x64\debug\moc\moc_guimanager.cpp
f:\宁波莱布尼茨项目\2024\007\开发文件\cam\x64\debug\moc\moc_occview.cpp
f:\宁波莱布尼茨项目\2024\007\开发文件\cam\x64\debug\moc\moc_partsolution.cpp
f:\宁波莱布尼茨项目\2024\007\开发文件\cam\x64\debug\tkernel.dll
f:\宁波莱布尼茨项目\2024\007\开发文件\cam\x64\debug\tkg3d.dll
f:\宁波莱布尼茨项目\2024\007\开发文件\cam\x64\debug\tkg2d.dll
f:\宁波莱布尼茨项目\2024\007\开发文件\cam\x64\debug\tkmath.dll
f:\宁波莱布尼茨项目\2024\007\开发文件\cam\x64\debug\tkopengl.dll
f:\宁波莱布尼茨项目\2024\007\开发文件\cam\x64\debug\tkservice.dll
f:\宁波莱布尼茨项目\2024\007\开发文件\cam\x64\debug\freetyped.dll
f:\宁波莱布尼茨项目\2024\007\开发文件\cam\x64\debug\zlibd1.dll
f:\宁波莱布尼茨项目\2024\007\开发文件\cam\x64\debug\bz2d.dll
f:\宁波莱布尼茨项目\2024\007\开发文件\cam\x64\debug\libpng16d.dll
f:\宁波莱布尼茨项目\2024\007\开发文件\cam\x64\debug\brotlidec.dll
f:\宁波莱布尼茨项目\2024\007\开发文件\cam\x64\debug\brotlicommon.dll
f:\宁波莱布尼茨项目\2024\007\开发文件\cam\x64\debug\tkprim.dll
f:\宁波莱布尼茨项目\2024\007\开发文件\cam\x64\debug\tktopalgo.dll
f:\宁波莱布尼茨项目\2024\007\开发文件\cam\x64\debug\tkgeomalgo.dll
f:\宁波莱布尼茨项目\2024\007\开发文件\cam\x64\debug\tkbrep.dll
f:\宁波莱布尼茨项目\2024\007\开发文件\cam\x64\debug\tkgeombase.dll
f:\宁波莱布尼茨项目\2024\007\开发文件\cam\x64\debug\tkv3d.dll
f:\宁波莱布尼茨项目\2024\007\开发文件\cam\x64\debug\tkmesh.dll
f:\宁波莱布尼茨项目\2024\007\开发文件\cam\x64\debug\tkshhealing.dll
f:\宁波莱布尼茨项目\2024\007\开发文件\cam\x64\debug\tkhlr.dll
f:\宁波莱布尼茨项目\2024\007\开发文件\cam\x64\debug\camwindowmanager.obj
f:\宁波莱布尼茨项目\2024\007\开发文件\cam\x64\debug\main.obj
f:\宁波莱布尼茨项目\2024\007\开发文件\cam\x64\debug\displaycore.obj
f:\宁波莱布尼茨项目\2024\007\开发文件\cam\x64\debug\millplanar.obj
f:\宁波莱布尼茨项目\2024\007\开发文件\cam\x64\debug\occview.obj
f:\宁波莱布尼茨项目\2024\007\开发文件\cam\x64\debug\camguimanager.obj
f:\宁波莱布尼茨项目\2024\007\开发文件\cam\x64\debug\interactivemodule.obj
f:\宁波莱布尼茨项目\2024\007\开发文件\cam\x64\debug\partsolution.obj
f:\宁波莱布尼茨项目\2024\007\开发文件\cam\x64\debug\guimanager.obj
f:\宁波莱布尼茨项目\2024\007\开发文件\cam\x64\debug\vc143.pdb
f:\宁波莱布尼茨项目\2024\007\开发文件\cam\x64\debug\moc_occview.obj
f:\宁波莱布尼茨项目\2024\007\开发文件\cam\x64\debug\moc_camwindowmanager.obj
f:\宁波莱布尼茨项目\2024\007\开发文件\cam\x64\debug\moc_guimanager.obj
f:\宁波莱布尼茨项目\2024\007\开发文件\cam\x64\debug\moc_partsolution.obj
f:\宁波莱布尼茨项目\2024\007\开发文件\cam\x64\debug\cam.lib
f:\宁波莱布尼茨项目\2024\007\开发文件\cam\x64\debug\cam.exp
f:\宁波莱布尼茨项目\2024\007\开发文件\cam\x64\debug\cam.exe
f:\宁波莱布尼茨项目\2024\007\开发文件\cam\x64\debug\cam.ilk
f:\宁波莱布尼茨项目\2024\007\开发文件\cam\x64\debug\cam.pdb
f:\宁波莱布尼茨项目\2024\007\开发文件\cam\x64\debug\camguimanager.obj.enc
f:\宁波莱布尼茨项目\2024\007\开发文件\cam\x64\debug\vc143.idb
f:\宁波莱布尼茨项目\2024\007\开发文件\cam\x64\debug\cam.tlog\cam.write.1u.tlog
f:\宁波莱布尼茨项目\2024\007\开发文件\cam\x64\debug\cam.tlog\cl.command.1.tlog
f:\宁波莱布尼茨项目\2024\007\开发文件\cam\x64\debug\cam.tlog\cl.items.tlog
f:\宁波莱布尼茨项目\2024\007\开发文件\cam\x64\debug\cam.tlog\cl.read.1.tlog
f:\宁波莱布尼茨项目\2024\007\开发文件\cam\x64\debug\cam.tlog\cl.write.1.tlog
f:\宁波莱布尼茨项目\2024\007\开发文件\cam\x64\debug\cam.tlog\link.command.1.tlog
f:\宁波莱布尼茨项目\2024\007\开发文件\cam\x64\debug\cam.tlog\link.read.1.tlog
f:\宁波莱布尼茨项目\2024\007\开发文件\cam\x64\debug\cam.tlog\link.write.1.tlog
f:\宁波莱布尼茨项目\2024\007\开发文件\cam\x64\debug\cam.tlog\link.write.2u.tlog
f:\宁波莱布尼茨项目\2024\007\开发文件\cam\x64\debug\cam.tlog\moc.read.1u.tlog
f:\宁波莱布尼茨项目\2024\007\开发文件\cam\x64\debug\cam.tlog\moc.write.1u.tlog
