
F:\宁波莱布尼茨项目\2025\001\开发文件\WeldingPathExtraction\CAM\x64\Debug\TKBO.dll
F:\宁波莱布尼茨项目\2025\001\开发文件\WeldingPathExtraction\CAM\x64\Debug\TKPrim.dll
F:\宁波莱布尼茨项目\2025\001\开发文件\WeldingPathExtraction\CAM\x64\Debug\TKTopAlgo.dll
F:\宁波莱布尼茨项目\2025\001\开发文件\WeldingPathExtraction\CAM\x64\Debug\TKGeomAlgo.dll
F:\宁波莱布尼茨项目\2025\001\开发文件\WeldingPathExtraction\CAM\x64\Debug\TKBRep.dll
F:\宁波莱布尼茨项目\2025\001\开发文件\WeldingPathExtraction\CAM\x64\Debug\TKGeomBase.dll
F:\宁波莱布尼茨项目\2025\001\开发文件\WeldingPathExtraction\CAM\x64\Debug\TKG3d.dll
F:\宁波莱布尼茨项目\2025\001\开发文件\WeldingPathExtraction\CAM\x64\Debug\TKG2d.dll
F:\宁波莱布尼茨项目\2025\001\开发文件\WeldingPathExtraction\CAM\x64\Debug\TKMath.dll
F:\宁波莱布尼茨项目\2025\001\开发文件\WeldingPathExtraction\CAM\x64\Debug\TKernel.dll
F:\宁波莱布尼茨项目\2025\001\开发文件\WeldingPathExtraction\CAM\x64\Debug\TKShHealing.dll
F:\宁波莱布尼茨项目\2025\001\开发文件\WeldingPathExtraction\CAM\x64\Debug\TKDESTEP.dll
F:\宁波莱布尼茨项目\2025\001\开发文件\WeldingPathExtraction\CAM\x64\Debug\TKDE.dll
F:\宁波莱布尼茨项目\2025\001\开发文件\WeldingPathExtraction\CAM\x64\Debug\TKXCAF.dll
F:\宁波莱布尼茨项目\2025\001\开发文件\WeldingPathExtraction\CAM\x64\Debug\TKVCAF.dll
F:\宁波莱布尼茨项目\2025\001\开发文件\WeldingPathExtraction\CAM\x64\Debug\TKCAF.dll
F:\宁波莱布尼茨项目\2025\001\开发文件\WeldingPathExtraction\CAM\x64\Debug\TKLCAF.dll
F:\宁波莱布尼茨项目\2025\001\开发文件\WeldingPathExtraction\CAM\x64\Debug\TKCDF.dll
F:\宁波莱布尼茨项目\2025\001\开发文件\WeldingPathExtraction\CAM\x64\Debug\TKV3d.dll
F:\宁波莱布尼茨项目\2025\001\开发文件\WeldingPathExtraction\CAM\x64\Debug\TKService.dll
F:\宁波莱布尼茨项目\2025\001\开发文件\WeldingPathExtraction\CAM\x64\Debug\freetyped.dll
F:\宁波莱布尼茨项目\2025\001\开发文件\WeldingPathExtraction\CAM\x64\Debug\zlibd1.dll
F:\宁波莱布尼茨项目\2025\001\开发文件\WeldingPathExtraction\CAM\x64\Debug\bz2d.dll
F:\宁波莱布尼茨项目\2025\001\开发文件\WeldingPathExtraction\CAM\x64\Debug\libpng16d.dll
F:\宁波莱布尼茨项目\2025\001\开发文件\WeldingPathExtraction\CAM\x64\Debug\brotlidec.dll
F:\宁波莱布尼茨项目\2025\001\开发文件\WeldingPathExtraction\CAM\x64\Debug\brotlicommon.dll
F:\宁波莱布尼茨项目\2025\001\开发文件\WeldingPathExtraction\CAM\x64\Debug\TKMesh.dll
F:\宁波莱布尼茨项目\2025\001\开发文件\WeldingPathExtraction\CAM\x64\Debug\TKHLR.dll
F:\宁波莱布尼茨项目\2025\001\开发文件\WeldingPathExtraction\CAM\x64\Debug\TKXSBase.dll
F:\宁波莱布尼茨项目\2025\001\开发文件\WeldingPathExtraction\CAM\x64\Debug\TKOffset.dll
F:\宁波莱布尼茨项目\2025\001\开发文件\WeldingPathExtraction\CAM\x64\Debug\TKFillet.dll
F:\宁波莱布尼茨项目\2025\001\开发文件\WeldingPathExtraction\CAM\x64\Debug\TKBool.dll
F:\宁波莱布尼茨项目\2025\001\开发文件\WeldingPathExtraction\CAM\x64\Debug\TKOpenGl.dll
